Running: C:\Xilinx\14.7\ISE_DS\ISE\bin\nt64\unwrapped\fuse.exe -intstyle ise -incremental -o D:/Test_Ise/Az11/float_add_tb_isim_beh.exe -prj D:/Test_Ise/Az11/float_add_tb_beh.prj work.float_add_tb 
ISim P.20131013 (signature 0x7708f090)
Number of CPUs detected in this system: 4
Turning on mult-threading, number of parallel sub-compilation jobs: 8 
Determining compilation order of HDL files
Parsing VHDL file "D:/Test_Ise/Az11/float_add.vhd" into library work
Parsing VHDL file "D:/Test_Ise/Az11/float_add_tb.vhd" into library work
Starting static elaboration
Completed static elaboration
Compiling package standard
Compiling package std_logic_1164
Compiling package numeric_std
Compiling architecture behavioral of entity float_add [float_add_default]
Compiling architecture behavior of entity float_add_tb
Time Resolution for simulation is 1ps.
Waiting for 1 sub-compilation(s) to finish...
Compiled 6 VHDL Units
Built simulation executable D:/Test_Ise/Az11/float_add_tb_isim_beh.exe
Fuse Memory Usage: 35508 KB
Fuse CPU Usage: 749 ms
